{"C:\\programacao\\cursos\\ignite\\desafios\\todo-list\\src\\App.tsx": {"path":"C:\\programacao\\cursos\\ignite\\desafios\\todo-list\\src\\App.tsx","all":false,"statementMap":{"0":{"start":{"line":1,"column":0},"end":{"line":1,"column":52}},"1":{"start":{"line":2,"column":0},"end":{"line":2,"column":0}},"2":{"start":{"line":3,"column":0},"end":{"line":3,"column":53}},"3":{"start":{"line":4,"column":0},"end":{"line":4,"column":45}},"4":{"start":{"line":5,"column":0},"end":{"line":5,"column":51}},"5":{"start":{"line":6,"column":0},"end":{"line":6,"column":49}},"6":{"start":{"line":7,"column":0},"end":{"line":7,"column":51}},"7":{"start":{"line":8,"column":0},"end":{"line":8,"column":44}},"8":{"start":{"line":9,"column":0},"end":{"line":9,"column":45}},"9":{"start":{"line":10,"column":0},"end":{"line":10,"column":47}},"10":{"start":{"line":11,"column":0},"end":{"line":11,"column":77}},"11":{"start":{"line":12,"column":0},"end":{"line":12,"column":56}},"12":{"start":{"line":13,"column":0},"end":{"line":13,"column":0}},"13":{"start":{"line":14,"column":0},"end":{"line":14,"column":23}},"14":{"start":{"line":15,"column":0},"end":{"line":15,"column":51}},"15":{"start":{"line":16,"column":0},"end":{"line":16,"column":53}},"16":{"start":{"line":17,"column":0},"end":{"line":17,"column":0}},"17":{"start":{"line":18,"column":0},"end":{"line":18,"column":32}},"18":{"start":{"line":19,"column":0},"end":{"line":19,"column":47}},"19":{"start":{"line":20,"column":0},"end":{"line":20,"column":26}},"20":{"start":{"line":21,"column":0},"end":{"line":21,"column":14}},"21":{"start":{"line":22,"column":0},"end":{"line":22,"column":3}},"22":{"start":{"line":23,"column":0},"end":{"line":23,"column":0}},"23":{"start":{"line":24,"column":0},"end":{"line":24,"column":48}},"24":{"start":{"line":25,"column":0},"end":{"line":25,"column":51}},"25":{"start":{"line":26,"column":0},"end":{"line":26,"column":3}},"26":{"start":{"line":27,"column":0},"end":{"line":27,"column":0}},"27":{"start":{"line":28,"column":0},"end":{"line":28,"column":45}},"28":{"start":{"line":29,"column":0},"end":{"line":29,"column":71}},"29":{"start":{"line":30,"column":0},"end":{"line":30,"column":3}},"30":{"start":{"line":31,"column":0},"end":{"line":31,"column":0}},"31":{"start":{"line":32,"column":0},"end":{"line":32,"column":60}},"32":{"start":{"line":33,"column":0},"end":{"line":33,"column":26}},"33":{"start":{"line":34,"column":0},"end":{"line":34,"column":30}},"34":{"start":{"line":35,"column":0},"end":{"line":35,"column":33}},"35":{"start":{"line":36,"column":0},"end":{"line":36,"column":18}},"36":{"start":{"line":37,"column":0},"end":{"line":37,"column":20}},"37":{"start":{"line":38,"column":0},"end":{"line":38,"column":45}},"38":{"start":{"line":39,"column":0},"end":{"line":39,"column":12}},"39":{"start":{"line":40,"column":0},"end":{"line":40,"column":9}},"40":{"start":{"line":41,"column":0},"end":{"line":41,"column":20}},"41":{"start":{"line":42,"column":0},"end":{"line":42,"column":8}},"42":{"start":{"line":43,"column":0},"end":{"line":43,"column":6}},"43":{"start":{"line":44,"column":0},"end":{"line":44,"column":3}},"44":{"start":{"line":45,"column":0},"end":{"line":45,"column":0}},"45":{"start":{"line":46,"column":0},"end":{"line":46,"column":19}},"46":{"start":{"line":47,"column":0},"end":{"line":47,"column":31}},"47":{"start":{"line":48,"column":0},"end":{"line":48,"column":67}},"48":{"start":{"line":49,"column":0},"end":{"line":49,"column":0}},"49":{"start":{"line":50,"column":0},"end":{"line":50,"column":37}},"50":{"start":{"line":51,"column":0},"end":{"line":51,"column":9}},"51":{"start":{"line":52,"column":0},"end":{"line":52,"column":0}},"52":{"start":{"line":53,"column":0},"end":{"line":53,"column":10}},"53":{"start":{"line":54,"column":0},"end":{"line":54,"column":19}},"54":{"start":{"line":55,"column":0},"end":{"line":55,"column":20}},"55":{"start":{"line":56,"column":0},"end":{"line":56,"column":19}},"56":{"start":{"line":57,"column":0},"end":{"line":57,"column":11}},"57":{"start":{"line":58,"column":0},"end":{"line":58,"column":10}},"58":{"start":{"line":59,"column":0},"end":{"line":59,"column":20}},"59":{"start":{"line":60,"column":0},"end":{"line":60,"column":0}},"60":{"start":{"line":61,"column":0},"end":{"line":61,"column":44}},"61":{"start":{"line":62,"column":0},"end":{"line":62,"column":54}},"62":{"start":{"line":63,"column":0},"end":{"line":63,"column":0}},"63":{"start":{"line":64,"column":0},"end":{"line":64,"column":21}},"64":{"start":{"line":65,"column":0},"end":{"line":65,"column":50}},"65":{"start":{"line":66,"column":0},"end":{"line":66,"column":41}},"66":{"start":{"line":67,"column":0},"end":{"line":67,"column":14}},"67":{"start":{"line":68,"column":0},"end":{"line":68,"column":0}},"68":{"start":{"line":69,"column":0},"end":{"line":69,"column":29}},"69":{"start":{"line":70,"column":0},"end":{"line":70,"column":24}},"70":{"start":{"line":71,"column":0},"end":{"line":71,"column":29}},"71":{"start":{"line":72,"column":0},"end":{"line":72,"column":47}},"72":{"start":{"line":73,"column":0},"end":{"line":73,"column":77}},"73":{"start":{"line":74,"column":0},"end":{"line":74,"column":16}},"74":{"start":{"line":75,"column":0},"end":{"line":75,"column":17}},"75":{"start":{"line":76,"column":0},"end":{"line":76,"column":27}},"76":{"start":{"line":77,"column":0},"end":{"line":77,"column":14}},"77":{"start":{"line":78,"column":0},"end":{"line":78,"column":16}},"78":{"start":{"line":79,"column":0},"end":{"line":79,"column":0}},"79":{"start":{"line":80,"column":0},"end":{"line":80,"column":36}},"80":{"start":{"line":81,"column":0},"end":{"line":81,"column":11}},"81":{"start":{"line":82,"column":0},"end":{"line":82,"column":8}},"82":{"start":{"line":83,"column":0},"end":{"line":83,"column":20}},"83":{"start":{"line":84,"column":0},"end":{"line":84,"column":4}},"84":{"start":{"line":85,"column":0},"end":{"line":85,"column":1}}},"s":{"0":1,"1":1,"2":1,"3":1,"4":1,"5":1,"6":1,"7":1,"8":1,"9":1,"10":1,"11":1,"12":1,"13":1,"14":18,"15":18,"16":18,"17":18,"18":12,"19":8,"20":12,"21":12,"22":12,"23":18,"24":5,"25":5,"26":5,"27":18,"28":1,"29":1,"30":1,"31":18,"32":1,"33":1,"34":2,"35":1,"36":1,"37":1,"38":1,"39":1,"40":1,"41":2,"42":1,"43":1,"44":1,"45":18,"46":6,"47":6,"48":6,"49":6,"50":18,"51":18,"52":18,"53":18,"54":18,"55":6,"56":12,"57":12,"58":12,"59":12,"60":12,"61":12,"62":12,"63":12,"64":12,"65":12,"66":12,"67":12,"68":12,"69":6,"70":6,"71":6,"72":6,"73":6,"74":6,"75":6,"76":6,"77":12,"78":12,"79":12,"80":18,"81":18,"82":18,"83":18,"84":6},"branchMap":{"0":{"type":"branch","line":14,"loc":{"start":{"line":14,"column":7},"end":{"line":85,"column":1}},"locations":[{"start":{"line":14,"column":7},"end":{"line":85,"column":1}}]},"1":{"type":"branch","line":55,"loc":{"start":{"line":55,"column":7},"end":{"line":56,"column":19}},"locations":[{"start":{"line":55,"column":7},"end":{"line":56,"column":19}}]},"2":{"type":"branch","line":56,"loc":{"start":{"line":56,"column":16},"end":{"line":80,"column":36}},"locations":[{"start":{"line":56,"column":16},"end":{"line":80,"column":36}}]},"3":{"type":"branch","line":69,"loc":{"start":{"line":69,"column":19},"end":{"line":73,"column":77}},"locations":[{"start":{"line":69,"column":19},"end":{"line":73,"column":77}}]},"4":{"type":"branch","line":74,"loc":{"start":{"line":74,"column":-1},"end":{"line":77,"column":14}},"locations":[{"start":{"line":74,"column":-1},"end":{"line":77,"column":14}}]},"5":{"type":"branch","line":18,"loc":{"start":{"line":18,"column":2},"end":{"line":24,"column":11}},"locations":[{"start":{"line":18,"column":2},"end":{"line":24,"column":11}}]},"6":{"type":"branch","line":19,"loc":{"start":{"line":19,"column":25},"end":{"line":21,"column":7}},"locations":[{"start":{"line":19,"column":25},"end":{"line":21,"column":7}}]},"7":{"type":"branch","line":24,"loc":{"start":{"line":24,"column":2},"end":{"line":28,"column":11}},"locations":[{"start":{"line":24,"column":2},"end":{"line":28,"column":11}}]},"8":{"type":"branch","line":25,"loc":{"start":{"line":25,"column":14},"end":{"line":25,"column":51}},"locations":[{"start":{"line":25,"column":14},"end":{"line":25,"column":51}}]},"9":{"type":"branch","line":28,"loc":{"start":{"line":28,"column":2},"end":{"line":32,"column":11}},"locations":[{"start":{"line":28,"column":2},"end":{"line":32,"column":11}}]},"10":{"type":"branch","line":29,"loc":{"start":{"line":29,"column":14},"end":{"line":29,"column":71}},"locations":[{"start":{"line":29,"column":14},"end":{"line":29,"column":71}}]},"11":{"type":"branch","line":29,"loc":{"start":{"line":29,"column":44},"end":{"line":29,"column":69}},"locations":[{"start":{"line":29,"column":44},"end":{"line":29,"column":69}}]},"12":{"type":"branch","line":32,"loc":{"start":{"line":32,"column":2},"end":{"line":46,"column":12}},"locations":[{"start":{"line":32,"column":2},"end":{"line":46,"column":12}}]},"13":{"type":"branch","line":33,"loc":{"start":{"line":33,"column":14},"end":{"line":42,"column":8}},"locations":[{"start":{"line":33,"column":14},"end":{"line":42,"column":8}}]},"14":{"type":"branch","line":34,"loc":{"start":{"line":34,"column":20},"end":{"line":42,"column":8}},"locations":[{"start":{"line":34,"column":20},"end":{"line":42,"column":8}}]},"15":{"type":"branch","line":35,"loc":{"start":{"line":35,"column":32},"end":{"line":42,"column":7}},"locations":[{"start":{"line":35,"column":32},"end":{"line":42,"column":7}}]},"16":{"type":"branch","line":46,"loc":{"start":{"line":46,"column":12},"end":{"line":51,"column":5}},"locations":[{"start":{"line":46,"column":12},"end":{"line":51,"column":5}}]},"17":{"type":"branch","line":48,"loc":{"start":{"line":48,"column":29},"end":{"line":48,"column":56}},"locations":[{"start":{"line":48,"column":29},"end":{"line":48,"column":56}}]},"18":{"type":"branch","line":50,"loc":{"start":{"line":50,"column":11},"end":{"line":50,"column":37}},"locations":[{"start":{"line":50,"column":11},"end":{"line":50,"column":37}}]},"19":{"type":"branch","line":85,"loc":{"start":{"line":85,"column":0},"end":{"line":85,"column":1}},"locations":[{"start":{"line":85,"column":0},"end":{"line":85,"column":1}}]}},"b":{"0":[18],"1":[6],"2":[12],"3":[6],"4":[6],"5":[12],"6":[8],"7":[5],"8":[5],"9":[1],"10":[1],"11":[1],"12":[1],"13":[1],"14":[2],"15":[1],"16":[6],"17":[5],"18":[6],"19":[6]},"fnMap":{"0":{"name":"App","decl":{"start":{"line":14,"column":7},"end":{"line":85,"column":1}},"loc":{"start":{"line":14,"column":7},"end":{"line":85,"column":1}},"line":14},"1":{"name":"getCompletedTasks","decl":{"start":{"line":18,"column":2},"end":{"line":24,"column":11}},"loc":{"start":{"line":18,"column":2},"end":{"line":24,"column":11}},"line":18},"2":{"name":"handleCreateTask","decl":{"start":{"line":24,"column":2},"end":{"line":28,"column":11}},"loc":{"start":{"line":24,"column":2},"end":{"line":28,"column":11}},"line":24},"3":{"name":"handleTaskDelete","decl":{"start":{"line":28,"column":2},"end":{"line":32,"column":11}},"loc":{"start":{"line":28,"column":2},"end":{"line":32,"column":11}},"line":28},"4":{"name":"handleTaskCompletionAlternation","decl":{"start":{"line":32,"column":2},"end":{"line":46,"column":12}},"loc":{"start":{"line":32,"column":2},"end":{"line":46,"column":12}},"line":32},"5":{"name":"get","decl":{"start":{"line":85,"column":0},"end":{"line":85,"column":1}},"loc":{"start":{"line":85,"column":0},"end":{"line":85,"column":1}},"line":85}},"f":{"0":18,"1":12,"2":5,"3":1,"4":1,"5":6}}
,"C:\\programacao\\cursos\\ignite\\desafios\\todo-list\\src\\components\\CreateTask.tsx": {"path":"C:\\programacao\\cursos\\ignite\\desafios\\todo-list\\src\\components\\CreateTask.tsx","all":false,"statementMap":{"0":{"start":{"line":1,"column":0},"end":{"line":1,"column":46}},"1":{"start":{"line":2,"column":0},"end":{"line":2,"column":30}},"2":{"start":{"line":3,"column":0},"end":{"line":3,"column":44}},"3":{"start":{"line":4,"column":0},"end":{"line":4,"column":52}},"4":{"start":{"line":5,"column":0},"end":{"line":5,"column":34}},"5":{"start":{"line":6,"column":0},"end":{"line":6,"column":0}},"6":{"start":{"line":7,"column":0},"end":{"line":7,"column":27}},"7":{"start":{"line":8,"column":0},"end":{"line":8,"column":40}},"8":{"start":{"line":9,"column":0},"end":{"line":9,"column":1}},"9":{"start":{"line":10,"column":0},"end":{"line":10,"column":0}},"10":{"start":{"line":11,"column":0},"end":{"line":11,"column":59}},"11":{"start":{"line":12,"column":0},"end":{"line":12,"column":61}},"12":{"start":{"line":13,"column":0},"end":{"line":13,"column":0}},"13":{"start":{"line":14,"column":0},"end":{"line":14,"column":40}},"14":{"start":{"line":15,"column":0},"end":{"line":15,"column":22}},"15":{"start":{"line":16,"column":0},"end":{"line":16,"column":37}},"16":{"start":{"line":17,"column":0},"end":{"line":17,"column":30}},"17":{"start":{"line":18,"column":0},"end":{"line":18,"column":3}},"18":{"start":{"line":19,"column":0},"end":{"line":19,"column":0}},"19":{"start":{"line":20,"column":0},"end":{"line":20,"column":31}},"20":{"start":{"line":21,"column":0},"end":{"line":21,"column":31}},"21":{"start":{"line":22,"column":0},"end":{"line":22,"column":17}},"22":{"start":{"line":23,"column":0},"end":{"line":23,"column":31}},"23":{"start":{"line":24,"column":0},"end":{"line":24,"column":26}},"24":{"start":{"line":25,"column":0},"end":{"line":25,"column":6}},"25":{"start":{"line":26,"column":0},"end":{"line":26,"column":0}},"26":{"start":{"line":27,"column":0},"end":{"line":27,"column":22}},"27":{"start":{"line":28,"column":0},"end":{"line":28,"column":27}},"28":{"start":{"line":29,"column":0},"end":{"line":29,"column":3}},"29":{"start":{"line":30,"column":0},"end":{"line":30,"column":0}},"30":{"start":{"line":31,"column":0},"end":{"line":31,"column":10}},"31":{"start":{"line":32,"column":0},"end":{"line":32,"column":39}},"32":{"start":{"line":33,"column":0},"end":{"line":33,"column":12}},"33":{"start":{"line":34,"column":0},"end":{"line":34,"column":19}},"34":{"start":{"line":35,"column":0},"end":{"line":35,"column":31}},"35":{"start":{"line":36,"column":0},"end":{"line":36,"column":46}},"36":{"start":{"line":37,"column":0},"end":{"line":37,"column":46}},"37":{"start":{"line":38,"column":0},"end":{"line":38,"column":8}},"38":{"start":{"line":39,"column":0},"end":{"line":39,"column":95}},"39":{"start":{"line":40,"column":0},"end":{"line":40,"column":42}},"40":{"start":{"line":41,"column":0},"end":{"line":41,"column":15}},"41":{"start":{"line":42,"column":0},"end":{"line":42,"column":10}},"42":{"start":{"line":43,"column":0},"end":{"line":43,"column":4}},"43":{"start":{"line":44,"column":0},"end":{"line":44,"column":1}}},"s":{"0":1,"1":1,"2":1,"3":1,"4":1,"5":1,"6":1,"7":1,"8":1,"9":1,"10":1,"11":29,"12":29,"13":29,"14":14,"15":14,"16":14,"17":14,"18":14,"19":29,"20":6,"21":6,"22":6,"23":6,"24":6,"25":6,"26":6,"27":6,"28":6,"29":6,"30":6,"31":29,"32":29,"33":29,"34":29,"35":29,"36":29,"37":29,"38":29,"39":29,"40":29,"41":29,"42":29,"43":14},"branchMap":{"0":{"type":"branch","line":11,"loc":{"start":{"line":11,"column":7},"end":{"line":44,"column":1}},"locations":[{"start":{"line":11,"column":7},"end":{"line":44,"column":1}}]},"1":{"type":"branch","line":14,"loc":{"start":{"line":14,"column":2},"end":{"line":20,"column":11}},"locations":[{"start":{"line":14,"column":2},"end":{"line":20,"column":11}}]},"2":{"type":"branch","line":20,"loc":{"start":{"line":20,"column":2},"end":{"line":31,"column":10}},"locations":[{"start":{"line":20,"column":2},"end":{"line":31,"column":10}}]},"3":{"type":"branch","line":44,"loc":{"start":{"line":44,"column":0},"end":{"line":44,"column":1}},"locations":[{"start":{"line":44,"column":0},"end":{"line":44,"column":1}}]}},"b":{"0":[29],"1":[14],"2":[6],"3":[14]},"fnMap":{"0":{"name":"CreateTask","decl":{"start":{"line":11,"column":7},"end":{"line":44,"column":1}},"loc":{"start":{"line":11,"column":7},"end":{"line":44,"column":1}},"line":11},"1":{"name":"handleTaskDescriptionChange","decl":{"start":{"line":14,"column":2},"end":{"line":20,"column":11}},"loc":{"start":{"line":14,"column":2},"end":{"line":20,"column":11}},"line":14},"2":{"name":"handleCreateTask","decl":{"start":{"line":20,"column":2},"end":{"line":31,"column":10}},"loc":{"start":{"line":20,"column":2},"end":{"line":31,"column":10}},"line":20},"3":{"name":"get","decl":{"start":{"line":44,"column":0},"end":{"line":44,"column":1}},"loc":{"start":{"line":44,"column":0},"end":{"line":44,"column":1}},"line":44}},"f":{"0":29,"1":14,"2":6,"3":14}}
,"C:\\programacao\\cursos\\ignite\\desafios\\todo-list\\src\\components\\EmptyList.tsx": {"path":"C:\\programacao\\cursos\\ignite\\desafios\\todo-list\\src\\components\\EmptyList.tsx","all":false,"statementMap":{"0":{"start":{"line":1,"column":0},"end":{"line":1,"column":51}},"1":{"start":{"line":2,"column":0},"end":{"line":2,"column":58}},"2":{"start":{"line":3,"column":0},"end":{"line":3,"column":0}},"3":{"start":{"line":4,"column":0},"end":{"line":4,"column":29}},"4":{"start":{"line":5,"column":0},"end":{"line":5,"column":10}},"5":{"start":{"line":6,"column":0},"end":{"line":6,"column":38}},"6":{"start":{"line":7,"column":0},"end":{"line":7,"column":57}},"7":{"start":{"line":8,"column":0},"end":{"line":8,"column":9}},"8":{"start":{"line":9,"column":0},"end":{"line":9,"column":63}},"9":{"start":{"line":10,"column":0},"end":{"line":10,"column":14}},"10":{"start":{"line":11,"column":0},"end":{"line":11,"column":50}},"11":{"start":{"line":12,"column":0},"end":{"line":12,"column":10}},"12":{"start":{"line":13,"column":0},"end":{"line":13,"column":10}},"13":{"start":{"line":14,"column":0},"end":{"line":14,"column":4}},"14":{"start":{"line":15,"column":0},"end":{"line":15,"column":1}}},"s":{"0":1,"1":1,"2":1,"3":1,"4":7,"5":7,"6":7,"7":7,"8":7,"9":7,"10":7,"11":7,"12":7,"13":7,"14":7},"branchMap":{"0":{"type":"branch","line":4,"loc":{"start":{"line":4,"column":7},"end":{"line":15,"column":1}},"locations":[{"start":{"line":4,"column":7},"end":{"line":15,"column":1}}]},"1":{"type":"branch","line":15,"loc":{"start":{"line":15,"column":0},"end":{"line":15,"column":1}},"locations":[{"start":{"line":15,"column":0},"end":{"line":15,"column":1}}]}},"b":{"0":[7],"1":[7]},"fnMap":{"0":{"name":"EmptyList","decl":{"start":{"line":4,"column":7},"end":{"line":15,"column":1}},"loc":{"start":{"line":4,"column":7},"end":{"line":15,"column":1}},"line":4},"1":{"name":"get","decl":{"start":{"line":15,"column":0},"end":{"line":15,"column":1}},"loc":{"start":{"line":15,"column":0},"end":{"line":15,"column":1}},"line":15}},"f":{"0":7,"1":7}}
,"C:\\programacao\\cursos\\ignite\\desafios\\todo-list\\src\\components\\Header.tsx": {"path":"C:\\programacao\\cursos\\ignite\\desafios\\todo-list\\src\\components\\Header.tsx","all":false,"statementMap":{"0":{"start":{"line":1,"column":0},"end":{"line":1,"column":48}},"1":{"start":{"line":2,"column":0},"end":{"line":2,"column":45}},"2":{"start":{"line":3,"column":0},"end":{"line":3,"column":0}},"3":{"start":{"line":4,"column":0},"end":{"line":4,"column":26}},"4":{"start":{"line":5,"column":0},"end":{"line":5,"column":10}},"5":{"start":{"line":6,"column":0},"end":{"line":6,"column":38}},"6":{"start":{"line":7,"column":0},"end":{"line":7,"column":45}},"7":{"start":{"line":8,"column":0},"end":{"line":8,"column":13}},"8":{"start":{"line":9,"column":0},"end":{"line":9,"column":3}},"9":{"start":{"line":10,"column":0},"end":{"line":10,"column":1}}},"s":{"0":1,"1":1,"2":1,"3":1,"4":13,"5":13,"6":13,"7":13,"8":13,"9":13},"branchMap":{"0":{"type":"branch","line":4,"loc":{"start":{"line":4,"column":7},"end":{"line":10,"column":1}},"locations":[{"start":{"line":4,"column":7},"end":{"line":10,"column":1}}]},"1":{"type":"branch","line":10,"loc":{"start":{"line":10,"column":0},"end":{"line":10,"column":1}},"locations":[{"start":{"line":10,"column":0},"end":{"line":10,"column":1}}]}},"b":{"0":[13],"1":[13]},"fnMap":{"0":{"name":"Header","decl":{"start":{"line":4,"column":7},"end":{"line":10,"column":1}},"loc":{"start":{"line":4,"column":7},"end":{"line":10,"column":1}},"line":4},"1":{"name":"get","decl":{"start":{"line":10,"column":0},"end":{"line":10,"column":1}},"loc":{"start":{"line":10,"column":0},"end":{"line":10,"column":1}},"line":10}},"f":{"0":13,"1":13}}
,"C:\\programacao\\cursos\\ignite\\desafios\\todo-list\\src\\components\\Loading.tsx": {"path":"C:\\programacao\\cursos\\ignite\\desafios\\todo-list\\src\\components\\Loading.tsx","all":false,"statementMap":{"0":{"start":{"line":1,"column":0},"end":{"line":1,"column":49}},"1":{"start":{"line":2,"column":0},"end":{"line":2,"column":0}},"2":{"start":{"line":3,"column":0},"end":{"line":3,"column":27}},"3":{"start":{"line":4,"column":0},"end":{"line":4,"column":10}},"4":{"start":{"line":5,"column":0},"end":{"line":5,"column":58}},"5":{"start":{"line":6,"column":0},"end":{"line":6,"column":10}},"6":{"start":{"line":7,"column":0},"end":{"line":7,"column":19}},"7":{"start":{"line":8,"column":0},"end":{"line":8,"column":19}},"8":{"start":{"line":9,"column":0},"end":{"line":9,"column":28}},"9":{"start":{"line":10,"column":0},"end":{"line":10,"column":19}},"10":{"start":{"line":11,"column":0},"end":{"line":11,"column":42}},"11":{"start":{"line":12,"column":0},"end":{"line":12,"column":7}},"12":{"start":{"line":13,"column":0},"end":{"line":13,"column":13}},"13":{"start":{"line":14,"column":0},"end":{"line":14,"column":1745}},"14":{"start":{"line":15,"column":0},"end":{"line":15,"column":24}},"15":{"start":{"line":16,"column":0},"end":{"line":16,"column":42}},"16":{"start":{"line":17,"column":0},"end":{"line":17,"column":16}},"17":{"start":{"line":18,"column":0},"end":{"line":18,"column":13}},"18":{"start":{"line":19,"column":0},"end":{"line":19,"column":2397}},"19":{"start":{"line":20,"column":0},"end":{"line":20,"column":24}},"20":{"start":{"line":21,"column":0},"end":{"line":21,"column":42}},"21":{"start":{"line":22,"column":0},"end":{"line":22,"column":16}},"22":{"start":{"line":23,"column":0},"end":{"line":23,"column":41}},"23":{"start":{"line":24,"column":0},"end":{"line":24,"column":15}},"24":{"start":{"line":25,"column":0},"end":{"line":25,"column":1346}},"25":{"start":{"line":26,"column":0},"end":{"line":26,"column":26}},"26":{"start":{"line":27,"column":0},"end":{"line":27,"column":44}},"27":{"start":{"line":28,"column":0},"end":{"line":28,"column":18}},"28":{"start":{"line":29,"column":0},"end":{"line":29,"column":15}},"29":{"start":{"line":30,"column":0},"end":{"line":30,"column":658}},"30":{"start":{"line":31,"column":0},"end":{"line":31,"column":26}},"31":{"start":{"line":32,"column":0},"end":{"line":32,"column":44}},"32":{"start":{"line":33,"column":0},"end":{"line":33,"column":18}},"33":{"start":{"line":34,"column":0},"end":{"line":34,"column":15}},"34":{"start":{"line":35,"column":0},"end":{"line":35,"column":624}},"35":{"start":{"line":36,"column":0},"end":{"line":36,"column":26}},"36":{"start":{"line":37,"column":0},"end":{"line":37,"column":44}},"37":{"start":{"line":38,"column":0},"end":{"line":38,"column":18}},"38":{"start":{"line":39,"column":0},"end":{"line":39,"column":15}},"39":{"start":{"line":40,"column":0},"end":{"line":40,"column":626}},"40":{"start":{"line":41,"column":0},"end":{"line":41,"column":26}},"41":{"start":{"line":42,"column":0},"end":{"line":42,"column":44}},"42":{"start":{"line":43,"column":0},"end":{"line":43,"column":18}},"43":{"start":{"line":44,"column":0},"end":{"line":44,"column":15}},"44":{"start":{"line":45,"column":0},"end":{"line":45,"column":628}},"45":{"start":{"line":46,"column":0},"end":{"line":46,"column":26}},"46":{"start":{"line":47,"column":0},"end":{"line":47,"column":44}},"47":{"start":{"line":48,"column":0},"end":{"line":48,"column":18}},"48":{"start":{"line":49,"column":0},"end":{"line":49,"column":12}},"49":{"start":{"line":50,"column":0},"end":{"line":50,"column":14}},"50":{"start":{"line":51,"column":0},"end":{"line":51,"column":38}},"51":{"start":{"line":52,"column":0},"end":{"line":52,"column":17}},"52":{"start":{"line":53,"column":0},"end":{"line":53,"column":24}},"53":{"start":{"line":54,"column":0},"end":{"line":54,"column":25}},"54":{"start":{"line":55,"column":0},"end":{"line":55,"column":26}},"55":{"start":{"line":56,"column":0},"end":{"line":56,"column":41}},"56":{"start":{"line":57,"column":0},"end":{"line":57,"column":46}},"57":{"start":{"line":58,"column":0},"end":{"line":58,"column":20}},"58":{"start":{"line":59,"column":0},"end":{"line":59,"column":21}},"59":{"start":{"line":60,"column":0},"end":{"line":60,"column":15}},"60":{"start":{"line":61,"column":0},"end":{"line":61,"column":12}},"61":{"start":{"line":62,"column":0},"end":{"line":62,"column":10}},"62":{"start":{"line":63,"column":0},"end":{"line":63,"column":4}},"63":{"start":{"line":64,"column":0},"end":{"line":64,"column":1}}},"s":{"0":1,"1":1,"2":1,"3":7,"4":7,"5":7,"6":7,"7":7,"8":7,"9":7,"10":7,"11":7,"12":7,"13":7,"14":7,"15":7,"16":7,"17":7,"18":7,"19":7,"20":7,"21":7,"22":7,"23":7,"24":7,"25":7,"26":7,"27":7,"28":7,"29":7,"30":7,"31":7,"32":7,"33":7,"34":7,"35":7,"36":7,"37":7,"38":7,"39":7,"40":7,"41":7,"42":7,"43":7,"44":7,"45":7,"46":7,"47":7,"48":7,"49":7,"50":7,"51":7,"52":7,"53":7,"54":7,"55":7,"56":7,"57":7,"58":7,"59":7,"60":7,"61":7,"62":7,"63":7},"branchMap":{"0":{"type":"branch","line":3,"loc":{"start":{"line":3,"column":7},"end":{"line":64,"column":1}},"locations":[{"start":{"line":3,"column":7},"end":{"line":64,"column":1}}]},"1":{"type":"branch","line":64,"loc":{"start":{"line":64,"column":0},"end":{"line":64,"column":1}},"locations":[{"start":{"line":64,"column":0},"end":{"line":64,"column":1}}]}},"b":{"0":[7],"1":[7]},"fnMap":{"0":{"name":"Loading","decl":{"start":{"line":3,"column":7},"end":{"line":64,"column":1}},"loc":{"start":{"line":3,"column":7},"end":{"line":64,"column":1}},"line":3},"1":{"name":"get","decl":{"start":{"line":64,"column":0},"end":{"line":64,"column":1}},"loc":{"start":{"line":64,"column":0},"end":{"line":64,"column":1}},"line":64}},"f":{"0":7,"1":7}}
,"C:\\programacao\\cursos\\ignite\\desafios\\todo-list\\src\\components\\Progress.tsx": {"path":"C:\\programacao\\cursos\\ignite\\desafios\\todo-list\\src\\components\\Progress.tsx","all":false,"statementMap":{"0":{"start":{"line":1,"column":0},"end":{"line":1,"column":50}},"1":{"start":{"line":2,"column":0},"end":{"line":2,"column":0}},"2":{"start":{"line":3,"column":0},"end":{"line":3,"column":25}},"3":{"start":{"line":4,"column":0},"end":{"line":4,"column":23}},"4":{"start":{"line":5,"column":0},"end":{"line":5,"column":25}},"5":{"start":{"line":6,"column":0},"end":{"line":6,"column":1}},"6":{"start":{"line":7,"column":0},"end":{"line":7,"column":0}},"7":{"start":{"line":8,"column":0},"end":{"line":8,"column":75}},"8":{"start":{"line":9,"column":0},"end":{"line":9,"column":10}},"9":{"start":{"line":10,"column":0},"end":{"line":10,"column":37}},"10":{"start":{"line":11,"column":0},"end":{"line":11,"column":9}},"11":{"start":{"line":12,"column":0},"end":{"line":12,"column":51}},"12":{"start":{"line":13,"column":0},"end":{"line":13,"column":10}},"13":{"start":{"line":14,"column":0},"end":{"line":14,"column":9}},"14":{"start":{"line":15,"column":0},"end":{"line":15,"column":48}},"15":{"start":{"line":16,"column":0},"end":{"line":16,"column":10}},"16":{"start":{"line":17,"column":0},"end":{"line":17,"column":10}},"17":{"start":{"line":18,"column":0},"end":{"line":18,"column":4}},"18":{"start":{"line":19,"column":0},"end":{"line":19,"column":1}}},"s":{"0":1,"1":1,"2":1,"3":1,"4":1,"5":1,"6":1,"7":1,"8":13,"9":13,"10":13,"11":13,"12":13,"13":13,"14":13,"15":13,"16":13,"17":13,"18":13},"branchMap":{"0":{"type":"branch","line":8,"loc":{"start":{"line":8,"column":7},"end":{"line":19,"column":1}},"locations":[{"start":{"line":8,"column":7},"end":{"line":19,"column":1}}]},"1":{"type":"branch","line":19,"loc":{"start":{"line":19,"column":0},"end":{"line":19,"column":1}},"locations":[{"start":{"line":19,"column":0},"end":{"line":19,"column":1}}]}},"b":{"0":[13],"1":[13]},"fnMap":{"0":{"name":"Progress","decl":{"start":{"line":8,"column":7},"end":{"line":19,"column":1}},"loc":{"start":{"line":8,"column":7},"end":{"line":19,"column":1}},"line":8},"1":{"name":"get","decl":{"start":{"line":19,"column":0},"end":{"line":19,"column":1}},"loc":{"start":{"line":19,"column":0},"end":{"line":19,"column":1}},"line":19}},"f":{"0":13,"1":13}}
,"C:\\programacao\\cursos\\ignite\\desafios\\todo-list\\src\\components\\Task.tsx": {"path":"C:\\programacao\\cursos\\ignite\\desafios\\todo-list\\src\\components\\Task.tsx","all":false,"statementMap":{"0":{"start":{"line":1,"column":0},"end":{"line":1,"column":60}},"1":{"start":{"line":2,"column":0},"end":{"line":2,"column":46}},"2":{"start":{"line":3,"column":0},"end":{"line":3,"column":0}},"3":{"start":{"line":4,"column":0},"end":{"line":4,"column":27}},"4":{"start":{"line":5,"column":0},"end":{"line":5,"column":13}},"5":{"start":{"line":6,"column":0},"end":{"line":6,"column":18}},"6":{"start":{"line":7,"column":0},"end":{"line":7,"column":24}},"7":{"start":{"line":8,"column":0},"end":{"line":8,"column":1}},"8":{"start":{"line":9,"column":0},"end":{"line":9,"column":0}},"9":{"start":{"line":10,"column":0},"end":{"line":10,"column":38}},"10":{"start":{"line":11,"column":0},"end":{"line":11,"column":37}},"11":{"start":{"line":12,"column":0},"end":{"line":12,"column":52}},"12":{"start":{"line":13,"column":0},"end":{"line":13,"column":1}},"13":{"start":{"line":14,"column":0},"end":{"line":14,"column":0}},"14":{"start":{"line":15,"column":0},"end":{"line":15,"column":22}},"15":{"start":{"line":16,"column":0},"end":{"line":16,"column":5}},"16":{"start":{"line":17,"column":0},"end":{"line":17,"column":10}},"17":{"start":{"line":18,"column":0},"end":{"line":18,"column":15}},"18":{"start":{"line":19,"column":0},"end":{"line":19,"column":11}},"19":{"start":{"line":20,"column":0},"end":{"line":20,"column":26}},"20":{"start":{"line":21,"column":0},"end":{"line":21,"column":15}},"21":{"start":{"line":22,"column":0},"end":{"line":22,"column":31}},"22":{"start":{"line":23,"column":0},"end":{"line":23,"column":17}},"23":{"start":{"line":24,"column":0},"end":{"line":24,"column":3}},"24":{"start":{"line":25,"column":0},"end":{"line":25,"column":0}},"25":{"start":{"line":26,"column":0},"end":{"line":26,"column":46}},"26":{"start":{"line":27,"column":0},"end":{"line":27,"column":32}},"27":{"start":{"line":28,"column":0},"end":{"line":28,"column":3}},"28":{"start":{"line":29,"column":0},"end":{"line":29,"column":0}},"29":{"start":{"line":30,"column":0},"end":{"line":30,"column":10}},"30":{"start":{"line":31,"column":0},"end":{"line":31,"column":8}},"31":{"start":{"line":32,"column":0},"end":{"line":32,"column":76}},"32":{"start":{"line":33,"column":0},"end":{"line":33,"column":24}},"33":{"start":{"line":34,"column":0},"end":{"line":34,"column":5}},"34":{"start":{"line":35,"column":0},"end":{"line":35,"column":13}},"35":{"start":{"line":36,"column":0},"end":{"line":36,"column":21}},"36":{"start":{"line":37,"column":0},"end":{"line":37,"column":39}},"37":{"start":{"line":38,"column":0},"end":{"line":38,"column":49}},"38":{"start":{"line":39,"column":0},"end":{"line":39,"column":39}},"39":{"start":{"line":40,"column":0},"end":{"line":40,"column":7}},"40":{"start":{"line":41,"column":0},"end":{"line":41,"column":25}},"41":{"start":{"line":42,"column":0},"end":{"line":42,"column":58}},"42":{"start":{"line":43,"column":0},"end":{"line":43,"column":13}},"43":{"start":{"line":44,"column":0},"end":{"line":44,"column":53}},"44":{"start":{"line":45,"column":0},"end":{"line":45,"column":10}},"45":{"start":{"line":46,"column":0},"end":{"line":46,"column":15}},"46":{"start":{"line":47,"column":0},"end":{"line":47,"column":0}},"47":{"start":{"line":48,"column":0},"end":{"line":48,"column":22}},"48":{"start":{"line":49,"column":0},"end":{"line":49,"column":0}},"49":{"start":{"line":50,"column":0},"end":{"line":50,"column":95}},"50":{"start":{"line":51,"column":0},"end":{"line":51,"column":31}},"51":{"start":{"line":52,"column":0},"end":{"line":52,"column":15}},"52":{"start":{"line":53,"column":0},"end":{"line":53,"column":10}},"53":{"start":{"line":54,"column":0},"end":{"line":54,"column":4}},"54":{"start":{"line":55,"column":0},"end":{"line":55,"column":1}}},"s":{"0":1,"1":1,"2":1,"3":1,"4":1,"5":1,"6":1,"7":1,"8":1,"9":1,"10":1,"11":1,"12":1,"13":1,"14":1,"15":15,"16":15,"17":15,"18":15,"19":15,"20":15,"21":15,"22":2,"23":2,"24":2,"25":15,"26":2,"27":2,"28":2,"29":2,"30":15,"31":15,"32":15,"33":15,"34":15,"35":15,"36":15,"37":15,"38":15,"39":15,"40":15,"41":5,"42":10,"43":10,"44":15,"45":15,"46":15,"47":15,"48":15,"49":15,"50":15,"51":15,"52":15,"53":15,"54":15},"branchMap":{"0":{"type":"branch","line":15,"loc":{"start":{"line":15,"column":7},"end":{"line":55,"column":1}},"locations":[{"start":{"line":15,"column":7},"end":{"line":55,"column":1}}]},"1":{"type":"branch","line":32,"loc":{"start":{"line":32,"column":17},"end":{"line":32,"column":54}},"locations":[{"start":{"line":32,"column":17},"end":{"line":32,"column":54}}]},"2":{"type":"branch","line":32,"loc":{"start":{"line":32,"column":39},"end":{"line":32,"column":76}},"locations":[{"start":{"line":32,"column":39},"end":{"line":32,"column":76}}]},"3":{"type":"branch","line":41,"loc":{"start":{"line":41,"column":9},"end":{"line":42,"column":58}},"locations":[{"start":{"line":41,"column":9},"end":{"line":42,"column":58}}]},"4":{"type":"branch","line":42,"loc":{"start":{"line":42,"column":55},"end":{"line":44,"column":53}},"locations":[{"start":{"line":42,"column":55},"end":{"line":44,"column":53}}]},"5":{"type":"branch","line":22,"loc":{"start":{"line":22,"column":2},"end":{"line":26,"column":11}},"locations":[{"start":{"line":22,"column":2},"end":{"line":26,"column":11}}]},"6":{"type":"branch","line":26,"loc":{"start":{"line":26,"column":2},"end":{"line":30,"column":10}},"locations":[{"start":{"line":26,"column":2},"end":{"line":30,"column":10}}]},"7":{"type":"branch","line":55,"loc":{"start":{"line":55,"column":0},"end":{"line":55,"column":1}},"locations":[{"start":{"line":55,"column":0},"end":{"line":55,"column":1}}]}},"b":{"0":[15],"1":[5],"2":[10],"3":[5],"4":[10],"5":[2],"6":[2],"7":[15]},"fnMap":{"0":{"name":"Task","decl":{"start":{"line":15,"column":7},"end":{"line":55,"column":1}},"loc":{"start":{"line":15,"column":7},"end":{"line":55,"column":1}},"line":15},"1":{"name":"handleTaskDelete","decl":{"start":{"line":22,"column":2},"end":{"line":26,"column":11}},"loc":{"start":{"line":22,"column":2},"end":{"line":26,"column":11}},"line":22},"2":{"name":"handleTaskCompletionAlternation","decl":{"start":{"line":26,"column":2},"end":{"line":30,"column":10}},"loc":{"start":{"line":26,"column":2},"end":{"line":30,"column":10}},"line":26},"3":{"name":"get","decl":{"start":{"line":55,"column":0},"end":{"line":55,"column":1}},"loc":{"start":{"line":55,"column":0},"end":{"line":55,"column":1}},"line":55}},"f":{"0":15,"1":2,"2":2,"3":15}}
,"C:\\programacao\\cursos\\ignite\\desafios\\todo-list\\src\\components\\TasksList.tsx": {"path":"C:\\programacao\\cursos\\ignite\\desafios\\todo-list\\src\\components\\TasksList.tsx","all":false,"statementMap":{"0":{"start":{"line":1,"column":0},"end":{"line":1,"column":51}},"1":{"start":{"line":2,"column":0},"end":{"line":2,"column":40}},"2":{"start":{"line":3,"column":0},"end":{"line":3,"column":0}},"3":{"start":{"line":4,"column":0},"end":{"line":4,"column":26}},"4":{"start":{"line":5,"column":0},"end":{"line":5,"column":20}},"5":{"start":{"line":6,"column":0},"end":{"line":6,"column":41}},"6":{"start":{"line":7,"column":0},"end":{"line":7,"column":56}},"7":{"start":{"line":8,"column":0},"end":{"line":8,"column":1}},"8":{"start":{"line":9,"column":0},"end":{"line":9,"column":0}},"9":{"start":{"line":10,"column":0},"end":{"line":10,"column":97}},"10":{"start":{"line":11,"column":0},"end":{"line":11,"column":10}},"11":{"start":{"line":12,"column":0},"end":{"line":12,"column":38}},"12":{"start":{"line":13,"column":0},"end":{"line":13,"column":28}},"13":{"start":{"line":14,"column":0},"end":{"line":14,"column":118}},"14":{"start":{"line":15,"column":0},"end":{"line":15,"column":9}},"15":{"start":{"line":16,"column":0},"end":{"line":16,"column":10}},"16":{"start":{"line":17,"column":0},"end":{"line":17,"column":4}},"17":{"start":{"line":18,"column":0},"end":{"line":18,"column":1}}},"s":{"0":1,"1":1,"2":1,"3":1,"4":1,"5":1,"6":1,"7":1,"8":1,"9":1,"10":7,"11":7,"12":7,"13":11,"14":7,"15":7,"16":7,"17":7},"branchMap":{"0":{"type":"branch","line":10,"loc":{"start":{"line":10,"column":7},"end":{"line":18,"column":1}},"locations":[{"start":{"line":10,"column":7},"end":{"line":18,"column":1}}]},"1":{"type":"branch","line":13,"loc":{"start":{"line":13,"column":18},"end":{"line":15,"column":8}},"locations":[{"start":{"line":13,"column":18},"end":{"line":15,"column":8}}]},"2":{"type":"branch","line":18,"loc":{"start":{"line":18,"column":0},"end":{"line":18,"column":1}},"locations":[{"start":{"line":18,"column":0},"end":{"line":18,"column":1}}]}},"b":{"0":[7],"1":[11],"2":[7]},"fnMap":{"0":{"name":"TasksList","decl":{"start":{"line":10,"column":7},"end":{"line":18,"column":1}},"loc":{"start":{"line":10,"column":7},"end":{"line":18,"column":1}},"line":10},"1":{"name":"get","decl":{"start":{"line":18,"column":0},"end":{"line":18,"column":1}},"loc":{"start":{"line":18,"column":0},"end":{"line":18,"column":1}},"line":18}},"f":{"0":7,"1":7}}
,"C:\\programacao\\cursos\\ignite\\desafios\\todo-list\\src\\components\\ToggleModeColorsButton.tsx": {"path":"C:\\programacao\\cursos\\ignite\\desafios\\todo-list\\src\\components\\ToggleModeColorsButton.tsx","all":false,"statementMap":{"0":{"start":{"line":1,"column":0},"end":{"line":1,"column":43}},"1":{"start":{"line":2,"column":0},"end":{"line":2,"column":35}},"2":{"start":{"line":3,"column":0},"end":{"line":3,"column":74}},"3":{"start":{"line":4,"column":0},"end":{"line":4,"column":64}},"4":{"start":{"line":5,"column":0},"end":{"line":5,"column":0}},"5":{"start":{"line":6,"column":0},"end":{"line":6,"column":42}},"6":{"start":{"line":7,"column":0},"end":{"line":7,"column":78}},"7":{"start":{"line":8,"column":0},"end":{"line":8,"column":0}},"8":{"start":{"line":9,"column":0},"end":{"line":9,"column":10}},"9":{"start":{"line":10,"column":0},"end":{"line":10,"column":11}},"10":{"start":{"line":11,"column":0},"end":{"line":11,"column":47}},"11":{"start":{"line":12,"column":0},"end":{"line":12,"column":27}},"12":{"start":{"line":13,"column":0},"end":{"line":13,"column":39}},"13":{"start":{"line":14,"column":0},"end":{"line":14,"column":5}},"14":{"start":{"line":15,"column":0},"end":{"line":15,"column":27}},"15":{"start":{"line":16,"column":0},"end":{"line":16,"column":57}},"16":{"start":{"line":17,"column":0},"end":{"line":17,"column":11}},"17":{"start":{"line":18,"column":0},"end":{"line":18,"column":59}},"18":{"start":{"line":19,"column":0},"end":{"line":19,"column":8}},"19":{"start":{"line":20,"column":0},"end":{"line":20,"column":13}},"20":{"start":{"line":21,"column":0},"end":{"line":21,"column":4}},"21":{"start":{"line":22,"column":0},"end":{"line":22,"column":1}}},"s":{"0":1,"1":1,"2":1,"3":1,"4":1,"5":1,"6":15,"7":15,"8":15,"9":15,"10":15,"11":15,"12":15,"13":15,"14":15,"15":14,"16":1,"17":1,"18":15,"19":15,"20":15,"21":15},"branchMap":{"0":{"type":"branch","line":6,"loc":{"start":{"line":6,"column":7},"end":{"line":22,"column":1}},"locations":[{"start":{"line":6,"column":7},"end":{"line":22,"column":1}}]},"1":{"type":"branch","line":15,"loc":{"start":{"line":15,"column":17},"end":{"line":16,"column":57}},"locations":[{"start":{"line":15,"column":17},"end":{"line":16,"column":57}}]},"2":{"type":"branch","line":16,"loc":{"start":{"line":16,"column":54},"end":{"line":18,"column":59}},"locations":[{"start":{"line":16,"column":54},"end":{"line":18,"column":59}}]},"3":{"type":"branch","line":22,"loc":{"start":{"line":22,"column":0},"end":{"line":22,"column":1}},"locations":[{"start":{"line":22,"column":0},"end":{"line":22,"column":1}}]}},"b":{"0":[15],"1":[14],"2":[1],"3":[15]},"fnMap":{"0":{"name":"ToggleModeColorsButton","decl":{"start":{"line":6,"column":7},"end":{"line":22,"column":1}},"loc":{"start":{"line":6,"column":7},"end":{"line":22,"column":1}},"line":6},"1":{"name":"get","decl":{"start":{"line":22,"column":0},"end":{"line":22,"column":1}},"loc":{"start":{"line":22,"column":0},"end":{"line":22,"column":1}},"line":22}},"f":{"0":15,"1":15}}
,"C:\\programacao\\cursos\\ignite\\desafios\\todo-list\\src\\context\\theme.context.tsx": {"path":"C:\\programacao\\cursos\\ignite\\desafios\\todo-list\\src\\context\\theme.context.tsx","all":false,"statementMap":{"0":{"start":{"line":1,"column":0},"end":{"line":1,"column":70}},"1":{"start":{"line":2,"column":0},"end":{"line":2,"column":0}},"2":{"start":{"line":3,"column":0},"end":{"line":3,"column":33}},"3":{"start":{"line":4,"column":0},"end":{"line":4,"column":0}},"4":{"start":{"line":5,"column":0},"end":{"line":5,"column":35}},"5":{"start":{"line":6,"column":0},"end":{"line":6,"column":18}},"6":{"start":{"line":7,"column":0},"end":{"line":7,"column":26}},"7":{"start":{"line":8,"column":0},"end":{"line":8,"column":1}},"8":{"start":{"line":9,"column":0},"end":{"line":9,"column":0}},"9":{"start":{"line":10,"column":0},"end":{"line":10,"column":29}},"10":{"start":{"line":11,"column":0},"end":{"line":11,"column":22}},"11":{"start":{"line":12,"column":0},"end":{"line":12,"column":1}},"12":{"start":{"line":13,"column":0},"end":{"line":13,"column":0}},"13":{"start":{"line":14,"column":0},"end":{"line":14,"column":73}},"14":{"start":{"line":15,"column":0},"end":{"line":15,"column":0}},"15":{"start":{"line":16,"column":0},"end":{"line":16,"column":64}},"16":{"start":{"line":17,"column":0},"end":{"line":17,"column":55}},"17":{"start":{"line":18,"column":0},"end":{"line":18,"column":0}},"18":{"start":{"line":19,"column":0},"end":{"line":19,"column":26}},"19":{"start":{"line":20,"column":0},"end":{"line":20,"column":57}},"20":{"start":{"line":21,"column":0},"end":{"line":21,"column":23}},"21":{"start":{"line":22,"column":0},"end":{"line":22,"column":45}},"22":{"start":{"line":23,"column":0},"end":{"line":23,"column":3}},"23":{"start":{"line":24,"column":0},"end":{"line":24,"column":0}},"24":{"start":{"line":25,"column":0},"end":{"line":25,"column":19}},"25":{"start":{"line":26,"column":0},"end":{"line":26,"column":53}},"26":{"start":{"line":27,"column":0},"end":{"line":27,"column":56}},"27":{"start":{"line":28,"column":0},"end":{"line":28,"column":26}},"28":{"start":{"line":29,"column":0},"end":{"line":29,"column":5}},"29":{"start":{"line":30,"column":0},"end":{"line":30,"column":9}},"30":{"start":{"line":31,"column":0},"end":{"line":31,"column":0}},"31":{"start":{"line":32,"column":0},"end":{"line":32,"column":19}},"32":{"start":{"line":33,"column":0},"end":{"line":33,"column":55}},"33":{"start":{"line":34,"column":0},"end":{"line":34,"column":51}},"34":{"start":{"line":35,"column":0},"end":{"line":35,"column":14}},"35":{"start":{"line":36,"column":0},"end":{"line":36,"column":0}},"36":{"start":{"line":37,"column":0},"end":{"line":37,"column":25}},"37":{"start":{"line":38,"column":0},"end":{"line":38,"column":10}},"38":{"start":{"line":39,"column":0},"end":{"line":39,"column":15}},"39":{"start":{"line":40,"column":0},"end":{"line":40,"column":3}},"40":{"start":{"line":41,"column":0},"end":{"line":41,"column":0}},"41":{"start":{"line":42,"column":0},"end":{"line":42,"column":10}},"42":{"start":{"line":43,"column":0},"end":{"line":43,"column":49}},"43":{"start":{"line":44,"column":0},"end":{"line":44,"column":16}},"44":{"start":{"line":45,"column":0},"end":{"line":45,"column":28}},"45":{"start":{"line":46,"column":0},"end":{"line":46,"column":4}},"46":{"start":{"line":47,"column":0},"end":{"line":47,"column":1}}},"s":{"0":1,"1":1,"2":1,"3":1,"4":1,"5":1,"6":1,"7":1,"8":1,"9":1,"10":1,"11":1,"12":1,"13":1,"14":1,"15":1,"16":24,"17":24,"18":24,"19":2,"20":2,"21":2,"22":2,"23":2,"24":24,"25":9,"26":9,"27":1,"28":1,"29":24,"30":24,"31":24,"32":12,"33":12,"34":24,"35":24,"36":24,"37":24,"38":24,"39":24,"40":24,"41":24,"42":24,"43":24,"44":24,"45":24,"46":21},"branchMap":{"0":{"type":"branch","line":14,"loc":{"start":{"line":14,"column":71},"end":{"line":14,"column":73}},"locations":[{"start":{"line":14,"column":71},"end":{"line":14,"column":73}}]},"1":{"type":"branch","line":16,"loc":{"start":{"line":16,"column":7},"end":{"line":47,"column":1}},"locations":[{"start":{"line":16,"column":7},"end":{"line":47,"column":1}}]},"2":{"type":"branch","line":19,"loc":{"start":{"line":19,"column":2},"end":{"line":25,"column":12}},"locations":[{"start":{"line":19,"column":2},"end":{"line":25,"column":12}}]},"3":{"type":"branch","line":20,"loc":{"start":{"line":20,"column":31},"end":{"line":20,"column":50}},"locations":[{"start":{"line":20,"column":31},"end":{"line":20,"column":50}}]},"4":{"type":"branch","line":20,"loc":{"start":{"line":20,"column":40},"end":{"line":20,"column":57}},"locations":[{"start":{"line":20,"column":40},"end":{"line":20,"column":57}}]},"5":{"type":"branch","line":25,"loc":{"start":{"line":25,"column":12},"end":{"line":30,"column":5}},"locations":[{"start":{"line":25,"column":12},"end":{"line":30,"column":5}}]},"6":{"type":"branch","line":27,"loc":{"start":{"line":27,"column":22},"end":{"line":27,"column":55}},"locations":[{"start":{"line":27,"column":22},"end":{"line":27,"column":55}}]},"7":{"type":"branch","line":27,"loc":{"start":{"line":27,"column":55},"end":{"line":29,"column":5}},"locations":[{"start":{"line":27,"column":55},"end":{"line":29,"column":5}}]},"8":{"type":"branch","line":32,"loc":{"start":{"line":32,"column":12},"end":{"line":35,"column":5}},"locations":[{"start":{"line":32,"column":12},"end":{"line":35,"column":5}}]},"9":{"type":"branch","line":47,"loc":{"start":{"line":47,"column":0},"end":{"line":47,"column":1}},"locations":[{"start":{"line":47,"column":0},"end":{"line":47,"column":1}}]}},"b":{"0":[21],"1":[24],"2":[2],"3":[1],"4":[1],"5":[9],"6":[8],"7":[1],"8":[12],"9":[21]},"fnMap":{"0":{"name":"get","decl":{"start":{"line":14,"column":71},"end":{"line":14,"column":73}},"loc":{"start":{"line":14,"column":71},"end":{"line":14,"column":73}},"line":14},"1":{"name":"ThemeProvider","decl":{"start":{"line":16,"column":7},"end":{"line":47,"column":1}},"loc":{"start":{"line":16,"column":7},"end":{"line":47,"column":1}},"line":16},"2":{"name":"toggleTheme","decl":{"start":{"line":19,"column":2},"end":{"line":25,"column":12}},"loc":{"start":{"line":19,"column":2},"end":{"line":25,"column":12}},"line":19},"3":{"name":"get","decl":{"start":{"line":47,"column":0},"end":{"line":47,"column":1}},"loc":{"start":{"line":47,"column":0},"end":{"line":47,"column":1}},"line":47}},"f":{"0":21,"1":24,"2":2,"3":21}}
,"C:\\programacao\\cursos\\ignite\\desafios\\todo-list\\src\\test\\setup.ts": {"path":"C:\\programacao\\cursos\\ignite\\desafios\\todo-list\\src\\test\\setup.ts","all":false,"statementMap":{"0":{"start":{"line":1,"column":0},"end":{"line":1,"column":35}}},"s":{"0":1},"branchMap":{},"b":{},"fnMap":{},"f":{}}
}
